[17:25:27.834] [INFO] storybook v10.1.2
[17:25:29.244] [DEBUG] Getting package.json info for /Users/kashishsurana/Downloads/kanban-board-storybook/package.json...
[17:25:29.245] [WARN] You are currently using Storybook [1m10.1.2[22m but you have packages which are incompatible with it:

- @storybook/addon-essentials@9.0.0-alpha.0 which depends on 9.0.0-alpha.0
 Repo: https://github.com/storybookjs/storybook/tree/next/code/addons/essentials
- @storybook/addon-interactions@9.0.0-alpha.0 which depends on 9.0.0-alpha.0
 Repo: https://github.com/storybookjs/storybook/tree/next/code/addons/interactions

Please consider updating your packages or contacting the maintainers for compatibility details.

For more details on compatibility guidance, see:
https://github.com/storybookjs/storybook/issues/32836
[17:25:29.252] [ERROR] [38;2;241;97;97mSB_CORE-SERVER_0002 (CriticalPresetLoadError): Storybook failed to load the following preset: @storybook/nextjs-vite/preset.

Please check whether your setup is correct, the Storybook dependencies (and their peer dependencies) are installed correctly and there are no package version clashes.

If you believe this is a bug, please open an issue on Github.

Error [ERR_MODULE_NOT_FOUND]: Cannot find package '@storybook/nextjs-vite' imported from ./node_modules/storybook/dist/_node-chunks/chunk-GKZHMXCG.js
    at Object.getPackageJSONURL (node:internal/modules/package_json_reader:316:9)
    at packageResolve (node:internal/modules/esm/resolve:768:81)
    at moduleResolve (node:internal/modules/esm/resolve:858:18)
    at defaultResolve (node:internal/modules/esm/resolve:990:11)
    at nextResolve (node:internal/modules/esm/hooks:748:28)
    at Hooks.resolve (node:internal/modules/esm/hooks:240:30)
    at MessagePort.handleMessage (node:internal/modules/esm/worker:201:24)
    at [nodejs.internal.kHybridDispatch] (node:internal/event_target:827:20)
    at MessagePort.<anonymous> (node:internal/per_context/messageport:23:28)

More info: 
[39m
    at loadPreset (file://./node_modules/storybook/dist/_node-chunks/chunk-2ROLNOX5.js:10101:13)
    at async Promise.all (index 0)
    at async loadPresets (file://./node_modules/storybook/dist/_node-chunks/chunk-2ROLNOX5.js:10110:73)
    at async getPresets (file://./node_modules/storybook/dist/_node-chunks/chunk-2ROLNOX5.js:10141:23)
    at async buildDevStandalone (file://./node_modules/storybook/dist/core-server/index.js:7537:17)
    at async withTelemetry (file://./node_modules/storybook/dist/_node-chunks/chunk-U5ZVDYGC.js:205:12)
    at async dev (file://./node_modules/storybook/dist/bin/core.js:2734:3)
    at async _Command.<anonymous> (file://./node_modules/storybook/dist/bin/core.js:2795:92)
[17:25:29.253] [WARN] Broken build, fix the error above.
You may need to refresh the browser.
[17:25:29.257] [WARN] Could not resolve addon "@chromatic-com/storybook", skipping. Is it installed?
[17:25:29.259] [WARN] Could not resolve addon "@storybook/addon-vitest", skipping. Is it installed?
[17:25:29.264] [WARN] Could not resolve addon "@storybook/addon-onboarding", skipping. Is it installed?
[17:25:29.264] [WARN] Could not resolve addon "@chromatic-com/storybook", skipping. Is it installed?
[17:25:29.264] [WARN] Could not resolve addon "@storybook/addon-vitest", skipping. Is it installed?
[17:25:29.264] [WARN] Could not resolve addon "@storybook/addon-onboarding", skipping. Is it installed?
[17:25:33.904] [PROMPT] Would you like to send anonymous crash reports to improve Storybook and fix bugs faster? {"choice":true}